[INFO] [2023-11-03 22:32:47.173] [background-preinit] org.hibernate.validator.internal.util.Version.<clinit>：org.hibernate.validator.internal.util.Version-HV000001: Hibernate Validator 8.0.1.Final
[INFO] [2023-11-03 22:32:47.187] [main] org.springframework.boot.StartupInfoLogger.logStarting：org.zt25.example.RunApplication-Starting RunApplication using Java 17.0.6 with PID 38228 (/Users/nap-yu/work/low-code/zt25/framework/java/examples/target/classes started by nap-yu in /Users/nap-yu/work/low-code/zt25/framework/java)
[INFO] [2023-11-03 22:32:47.188] [main] org.springframework.boot.SpringApplication.logStartupProfileInfo：org.zt25.example.RunApplication-The following 1 profile is active: "dev"
[INFO] [2023-11-03 22:32:47.782] [main] io.undertow.servlet.spec.ServletContextImpl.log：io.undertow.servlet-Initializing Spring embedded WebApplicationContext
[INFO] [2023-11-03 22:32:47.923] [main] com.github.yulichang.autoconfigure.MybatisPlusJoinAutoConfiguration.mpjSqlInjector：c.g.y.a.MybatisPlusJoinAutoConfiguration-MPJSqlInjector init
[INFO] [2023-11-03 22:47:00.489] [background-preinit] org.hibernate.validator.internal.util.Version.<clinit>：org.hibernate.validator.internal.util.Version-HV000001: Hibernate Validator 8.0.1.Final
[INFO] [2023-11-03 22:47:00.504] [main] org.springframework.boot.StartupInfoLogger.logStarting：org.zt25.example.RunApplication-Starting RunApplication using Java 17.0.6 with PID 38566 (/Users/nap-yu/work/low-code/zt25/framework/java/examples/target/classes started by nap-yu in /Users/nap-yu/work/low-code/zt25/framework/java)
[INFO] [2023-11-03 22:47:00.505] [main] org.springframework.boot.SpringApplication.logStartupProfileInfo：org.zt25.example.RunApplication-The following 1 profile is active: "dev"
[INFO] [2023-11-03 22:47:01.076] [main] io.undertow.servlet.spec.ServletContextImpl.log：io.undertow.servlet-Initializing Spring embedded WebApplicationContext
[INFO] [2023-11-03 22:47:01.223] [main] com.github.yulichang.autoconfigure.MybatisPlusJoinAutoConfiguration.mpjSqlInjector：c.g.y.a.MybatisPlusJoinAutoConfiguration-MPJSqlInjector init
[INFO] [2023-11-03 22:49:19.754] [background-preinit] org.hibernate.validator.internal.util.Version.<clinit>：org.hibernate.validator.internal.util.Version-HV000001: Hibernate Validator 8.0.1.Final
[INFO] [2023-11-03 22:49:19.770] [main] org.springframework.boot.StartupInfoLogger.logStarting：org.zt25.example.RunApplication-Starting RunApplication using Java 17.0.6 with PID 38627 (/Users/nap-yu/work/low-code/zt25/framework/java/examples/target/classes started by nap-yu in /Users/nap-yu/work/low-code/zt25/framework/java)
[INFO] [2023-11-03 22:49:19.773] [main] org.springframework.boot.SpringApplication.logStartupProfileInfo：org.zt25.example.RunApplication-The following 3 profiles are active: "base", "web", "dev"
[INFO] [2023-11-03 22:49:20.330] [main] io.undertow.servlet.spec.ServletContextImpl.log：io.undertow.servlet-Initializing Spring embedded WebApplicationContext
[INFO] [2023-11-03 22:49:20.464] [main] com.github.yulichang.autoconfigure.MybatisPlusJoinAutoConfiguration.mpjSqlInjector：c.g.y.a.MybatisPlusJoinAutoConfiguration-MPJSqlInjector init
[INFO] [2023-11-03 22:50:10.704] [background-preinit] org.hibernate.validator.internal.util.Version.<clinit>：org.hibernate.validator.internal.util.Version-HV000001: Hibernate Validator 8.0.1.Final
[INFO] [2023-11-03 22:50:10.720] [main] org.springframework.boot.StartupInfoLogger.logStarting：org.zt25.example.RunApplication-Starting RunApplication using Java 17.0.6 with PID 38654 (/Users/nap-yu/work/low-code/zt25/framework/java/examples/target/classes started by nap-yu in /Users/nap-yu/work/low-code/zt25/framework/java)
[INFO] [2023-11-03 22:50:10.720] [main] org.springframework.boot.SpringApplication.logStartupProfileInfo：org.zt25.example.RunApplication-The following 3 profiles are active: "base", "web", "dev"
[INFO] [2023-11-03 22:50:11.275] [main] io.undertow.servlet.spec.ServletContextImpl.log：io.undertow.servlet-Initializing Spring embedded WebApplicationContext
[INFO] [2023-11-03 22:50:11.403] [main] com.github.yulichang.autoconfigure.MybatisPlusJoinAutoConfiguration.mpjSqlInjector：c.g.y.a.MybatisPlusJoinAutoConfiguration-MPJSqlInjector init
[INFO] [2023-11-03 22:50:55.086] [background-preinit] org.hibernate.validator.internal.util.Version.<clinit>：org.hibernate.validator.internal.util.Version-HV000001: Hibernate Validator 8.0.1.Final
[INFO] [2023-11-03 22:50:55.102] [main] org.springframework.boot.StartupInfoLogger.logStarting：org.zt25.example.RunApplication-Starting RunApplication using Java 17.0.6 with PID 38680 (/Users/nap-yu/work/low-code/zt25/framework/java/examples/target/classes started by nap-yu in /Users/nap-yu/work/low-code/zt25/framework/java)
[INFO] [2023-11-03 22:50:55.103] [main] org.springframework.boot.SpringApplication.logStartupProfileInfo：org.zt25.example.RunApplication-The following 2 profiles are active: "base", "dev"
[INFO] [2023-11-03 22:50:55.690] [main] io.undertow.servlet.spec.ServletContextImpl.log：io.undertow.servlet-Initializing Spring embedded WebApplicationContext
[INFO] [2023-11-03 22:50:55.824] [main] com.github.yulichang.autoconfigure.MybatisPlusJoinAutoConfiguration.mpjSqlInjector：c.g.y.a.MybatisPlusJoinAutoConfiguration-MPJSqlInjector init
[INFO] [2023-11-03 22:51:35.252] [background-preinit] org.hibernate.validator.internal.util.Version.<clinit>：org.hibernate.validator.internal.util.Version-HV000001: Hibernate Validator 8.0.1.Final
[INFO] [2023-11-03 22:51:35.272] [main] org.springframework.boot.StartupInfoLogger.logStarting：org.zt25.example.RunApplication-Starting RunApplication using Java 17.0.6 with PID 38747 (/Users/nap-yu/work/low-code/zt25/framework/java/examples/target/classes started by nap-yu in /Users/nap-yu/work/low-code/zt25/framework/java)
[INFO] [2023-11-03 22:51:35.273] [main] org.springframework.boot.SpringApplication.logStartupProfileInfo：org.zt25.example.RunApplication-The following 3 profiles are active: "base", "web", "dev"
[INFO] [2023-11-03 22:51:35.920] [main] io.undertow.servlet.spec.ServletContextImpl.log：io.undertow.servlet-Initializing Spring embedded WebApplicationContext
[INFO] [2023-11-03 22:51:36.056] [main] com.github.yulichang.autoconfigure.MybatisPlusJoinAutoConfiguration.mpjSqlInjector：c.g.y.a.MybatisPlusJoinAutoConfiguration-MPJSqlInjector init
[INFO] [2023-11-03 22:53:08.401] [background-preinit] org.hibernate.validator.internal.util.Version.<clinit>：org.hibernate.validator.internal.util.Version-HV000001: Hibernate Validator 8.0.1.Final
[INFO] [2023-11-03 22:53:08.416] [main] org.springframework.boot.StartupInfoLogger.logStarting：org.zt25.example.RunApplication-Starting RunApplication using Java 17.0.6 with PID 38846 (/Users/nap-yu/work/low-code/zt25/framework/java/examples/target/classes started by nap-yu in /Users/nap-yu/work/low-code/zt25/framework/java)
[INFO] [2023-11-03 22:53:08.417] [main] org.springframework.boot.SpringApplication.logStartupProfileInfo：org.zt25.example.RunApplication-The following 3 profiles are active: "orm", "web", "dev"
[INFO] [2023-11-03 22:53:08.997] [main] io.undertow.servlet.spec.ServletContextImpl.log：io.undertow.servlet-Initializing Spring embedded WebApplicationContext
[INFO] [2023-11-03 22:53:09.131] [main] com.github.yulichang.autoconfigure.MybatisPlusJoinAutoConfiguration.mpjSqlInjector：c.g.y.a.MybatisPlusJoinAutoConfiguration-MPJSqlInjector init
